c:\users\alecs\source\repos\libsdt\libsdt\x64\release\vc141.pdb
c:\users\alecs\source\repos\libsdt\libsdt\x64\release\sdtcommon.obj
c:\users\alecs\source\repos\libsdt\libsdt\x64\release\dllmain.obj
c:\users\alecs\source\repos\libsdt\libsdt\x64\release\sdtfilters.obj
c:\users\alecs\source\repos\libsdt\libsdt\x64\release\sdtoscillators.obj
c:\users\alecs\source\repos\libsdt\libsdt\x64\release\sdtfft.obj
c:\users\alecs\source\repos\libsdt\libsdt\x64\release\sdteffects.obj
c:\users\alecs\source\repos\libsdt\libsdt\x64\release\libsdt.pch
c:\users\alecs\source\repos\libsdt\libsdt\x64\release\stdafx.obj
c:\users\alecs\source\repos\libsdt\libsdt\x64\release\sdtstructs.obj
c:\users\alecs\source\repos\libsdt\libsdt\x64\release\sdtliquids.obj
c:\users\alecs\source\repos\libsdt\libsdt\x64\release\sdtgases.obj
c:\users\alecs\source\repos\libsdt\libsdt\x64\release\sdtcomplex.obj
c:\users\alecs\source\repos\libsdt\libsdt\x64\release\sdtinteractors.obj
c:\users\alecs\source\repos\libsdt\libsdt\x64\release\sdtcontrol.obj
c:\users\alecs\source\repos\libsdt\libsdt\x64\release\sdtresonators.obj
c:\users\alecs\source\repos\libsdt\x64\release\libsdt.ipdb
c:\users\alecs\source\repos\libsdt\x64\release\libsdt.iobj
c:\users\alecs\source\repos\libsdt\x64\release\libsdt.lib
c:\users\alecs\source\repos\libsdt\x64\release\libsdt.exp
c:\users\alecs\source\repos\sdt\x64\release\libsdt.lib
c:\users\alecs\source\repos\sdt\x64\release\libsdt.exp
c:\users\alecs\source\repos\sdt\x64\release\libsdt.ipdb
c:\users\alecs\source\repos\sdt\x64\release\libsdt.iobj
c:\users\alecs\source\repos\libsdt\x64\release\libsdt.dll
c:\users\alecs\source\repos\libsdt\x64\release\libsdt.pdb
c:\users\alecs\source\repos\sdt\x64\release\libsdt.dll
c:\users\alecs\source\repos\sdt\x64\release\libsdt.pdb
c:\users\alecs\source\repos\libsdt\libsdt\x64\release\libsdt.tlog\cl.command.1.tlog
c:\users\alecs\source\repos\libsdt\libsdt\x64\release\libsdt.tlog\cl.read.1.tlog
c:\users\alecs\source\repos\libsdt\libsdt\x64\release\libsdt.tlog\cl.write.1.tlog
c:\users\alecs\source\repos\libsdt\libsdt\x64\release\libsdt.tlog\libsdt.write.1u.tlog
c:\users\alecs\source\repos\libsdt\libsdt\x64\release\libsdt.tlog\link.command.1.tlog
c:\users\alecs\source\repos\libsdt\libsdt\x64\release\libsdt.tlog\link.delete.1.tlog
c:\users\alecs\source\repos\libsdt\libsdt\x64\release\libsdt.tlog\link.read.1.tlog
c:\users\alecs\source\repos\libsdt\libsdt\x64\release\libsdt.tlog\link.write.1.tlog
